2026-04-08 18:40:35 WARNING  [static_analyzer:31] Unsupported programming language: CSS. Skipping.
2026-04-08 18:40:35 WARNING  [static_analyzer:31] Unsupported programming language: HTML. Skipping.
2026-04-08 18:40:35 WARNING  [static_analyzer:31] Unsupported programming language: JSON. Skipping.
2026-04-08 18:40:35 WARNING  [static_analyzer.typescript_config_scanner:50] No TypeScript configuration files found in C:\Users\Hp ETC\graduation Project\clinic bage
2026-04-08 18:40:35 INFO     [static_analyzer:57] No TypeScript config files found, using repository root
2026-04-08 18:40:35 INFO     [static_analyzer:141] Starting LSP client for JSX
2026-04-08 18:40:35 INFO     [static_analyzer.lsp_client.client:139] Starting server C:\Users\Hp ETC\AppData\Local\Programs\Qoder\Qoder.exe C:\Users\Hp ETC\.codeboarding\servers\node_modules\typescript-language-server\lib\cli.mjs --stdio --log-level=2...
2026-04-08 18:40:35 INFO     [static_analyzer.lsp_client.client:411] Initializing connection for jsx...
2026-04-08 18:40:35 WARNING  [static_analyzer.lsp_client.language_settings:96] Unknown language ID: jsx. No LSP settings available.
2026-04-08 18:40:36 INFO     [static_analyzer.lsp_client.client:446] Initialization successful.
2026-04-08 18:40:36 WARNING  [static_analyzer.lsp_client.language_settings:96] Unknown language ID: jsx. No LSP settings available.
2026-04-08 18:40:36 INFO     [static_analyzer:141] Starting LSP client for JavaScript
2026-04-08 18:40:36 WARNING  [static_analyzer.lsp_client.typescript_client:47] node_modules not found in C:\Users\Hp ETC\graduation Project\clinic bage
2026-04-08 18:40:36 INFO     [static_analyzer.lsp_client.client:139] Starting server C:\Users\Hp ETC\AppData\Local\Programs\Qoder\Qoder.exe C:\Users\Hp ETC\.codeboarding\servers\node_modules\typescript-language-server\lib\cli.mjs --stdio --log-level=2...
2026-04-08 18:40:36 INFO     [static_analyzer.lsp_client.typescript_client:57] Initializing connection for javascript...
2026-04-08 18:40:36 INFO     [static_analyzer.lsp_client.typescript_client:88] Initialization successful.
2026-04-08 18:40:36 INFO     [static_analyzer.lsp_client.typescript_client:115] Found 29 TypeScript/JavaScript files
2026-04-08 18:40:36 INFO     [static_analyzer.lsp_client.typescript_client:156] Found configuration file: C:\Users\Hp ETC\graduation Project\clinic bage\package.json
2026-04-08 18:40:36 INFO     [static_analyzer.lsp_client.typescript_client:167] Opening sample files to bootstrap TypeScript project...
2026-04-08 18:40:36 INFO     [static_analyzer.lsp_client.typescript_client:186] Waiting 5s for TypeScript server to initialize project...
2026-04-08 18:40:41 INFO     [static_analyzer.lsp_client.typescript_client:191] TypeScript project successfully loaded!
2026-04-08 18:40:41 INFO     [static_analyzer.lsp_client.client:460] Sending workspace configuration for javascript...
2026-04-08 18:40:41 INFO     [static_analyzer.lsp_client.client:468] Workspace configuration sent for javascript
2026-04-08 18:40:41 INFO     [codeboarding_pro.session:108] Session 3a4fab2f-663c-4f6f-b5f8-e113e5ec8130 initialized: repo=c:\Users\Hp ETC\graduation Project\clinic bage, project=clinic bage, output=c:\Users\Hp ETC\graduation Project\clinic bage\.codeboarding
